[    0.000000] Initializing cgroup subsys cpuset
[    0.000000] Initializing cgroup subsys cpu
[    0.000000] Initializing cgroup subsys cpuacct
[    0.000000] Linux version 4.4.0-66-generic (buildd@lgw01-28) (gcc version 5.4.0 20160609 (Ubuntu 5.4.0-6ubuntu1~16.04.4) ) #87-Ubuntu SMP Fri Mar 3 15:29:05 UTC 2017 (Ubuntu 4.4.0-66.87-generic 4.4.44)
[    0.000000] Command line: BOOT_IMAGE=/boot/vmlinuz-4.4.0-66-generic root=LABEL=cloudimg-rootfs ro console=tty1 console=ttyS0
[    0.000000] KERNEL supported cpus:
[    0.000000]   Intel GenuineIntel
[    0.000000]   AMD AuthenticAMD
[    0.000000]   Centaur CentaurHauls
[    0.000000] x86/fpu: xstate_offset[2]:  576, xstate_sizes[2]:  256
[    0.000000] x86/fpu: Supporting XSAVE feature 0x01: 'x87 floating point registers'
[    0.000000] x86/fpu: Supporting XSAVE feature 0x02: 'SSE registers'
[    0.000000] x86/fpu: Supporting XSAVE feature 0x04: 'AVX registers'
[    0.000000] x86/fpu: Enabled xstate features 0x7, context size is 832 bytes, using 'standard' format.
[    0.000000] x86/fpu: Using 'lazy' FPU context switches.
[    0.000000] e820: BIOS-provided physical RAM map:
[    0.000000] BIOS-e820: [mem 0x0000000000000000-0x000000000009fbff] usable
[    0.000000] BIOS-e820: [mem 0x000000000009fc00-0x000000000009ffff] reserved
[    0.000000] BIOS-e820: [mem 0x00000000000f0000-0x00000000000fffff] reserved
[    0.000000] BIOS-e820: [mem 0x0000000000100000-0x000000001ffeffff] usable
[    0.000000] BIOS-e820: [mem 0x000000001fff0000-0x000000001fffffff] ACPI data
[    0.000000] BIOS-e820: [mem 0x00000000fec00000-0x00000000fec00fff] reserved
[    0.000000] BIOS-e820: [mem 0x00000000fee00000-0x00000000fee00fff] reserved
[    0.000000] BIOS-e820: [mem 0x00000000fffc0000-0x00000000ffffffff] reserved
[    0.000000] NX (Execute Disable) protection: active
[    0.000000] SMBIOS 2.5 present.
[    0.000000] Hypervisor detected: KVM
[    0.000000] e820: last_pfn = 0x1fff0 max_arch_pfn = 0x400000000
[    0.000000] MTRR: Disabled
[    0.000000] x86/PAT: MTRRs disabled, skipping PAT initialization too.
[    0.000000] x86/PAT: Configuration [0-7]: WB  WT  UC- UC  WB  WT  UC- UC  
[    0.000000] CPU MTRRs all blank - virtualized system.
[    0.000000] found SMP MP-table at [mem 0x0009fff0-0x0009ffff] mapped at [ffff88000009fff0]
[    0.000000] Scanning 1 areas for low memory corruption
[    0.000000] RAMDISK: [mem 0x1ecce000-0x1f759fff]
[    0.000000] ACPI: Early table checksum verification disabled
[    0.000000] ACPI: RSDP 0x00000000000E0000 000024 (v02 VBOX  )
[    0.000000] ACPI: XSDT 0x000000001FFF0030 00003C (v01 VBOX   VBOXXSDT 00000001 ASL  00000061)
[    0.000000] ACPI: FACP 0x000000001FFF00F0 0000F4 (v04 VBOX   VBOXFACP 00000001 ASL  00000061)
[    0.000000] ACPI: DSDT 0x000000001FFF0470 0021C8 (v02 VBOX   VBOXBIOS 00000002 INTL 20100528)
[    0.000000] ACPI: FACS 0x000000001FFF0200 000040
[    0.000000] ACPI: FACS 0x000000001FFF0200 000040
[    0.000000] ACPI: APIC 0x000000001FFF0240 00005C (v02 VBOX   VBOXAPIC 00000001 ASL  00000061)
[    0.000000] ACPI: SSDT 0x000000001FFF02A0 0001CC (v01 VBOX   VBOXCPUT 00000002 INTL 20100528)
[    0.000000] No NUMA configuration found
[    0.000000] Faking a node at [mem 0x0000000000000000-0x000000001ffeffff]
[    0.000000] NODE_DATA(0) allocated [mem 0x1ffeb000-0x1ffeffff]
[    0.000000] kvm-clock: Using msrs 4b564d01 and 4b564d00
[    0.000000] kvm-clock: cpu 0, msr 0:1ffe3001, primary cpu clock
[    0.000000] kvm-clock: using sched offset of 3719579785 cycles
[    0.000000] clocksource: kvm-clock: mask: 0xffffffffffffffff max_cycles: 0x1cd42e4dffb, max_idle_ns: 881590591483 ns
[    0.000000] Zone ranges:
[    0.000000]   DMA      [mem 0x0000000000001000-0x0000000000ffffff]
[    0.000000]   DMA32    [mem 0x0000000001000000-0x000000001ffeffff]
[    0.000000]   Normal   empty
[    0.000000]   Device   empty
[    0.000000] Movable zone start for each node
[    0.000000] Early memory node ranges
[    0.000000]   node   0: [mem 0x0000000000001000-0x000000000009efff]
[    0.000000]   node   0: [mem 0x0000000000100000-0x000000001ffeffff]
[    0.000000] Initmem setup node 0 [mem 0x0000000000001000-0x000000001ffeffff]
[    0.000000] ACPI: PM-Timer IO Port: 0x4008
[    0.000000] IOAPIC[0]: apic_id 2, version 32, address 0xfec00000, GSI 0-23
[    0.000000] ACPI: INT_SRC_OVR (bus 0 bus_irq 0 global_irq 2 dfl dfl)
[    0.000000] ACPI: INT_SRC_OVR (bus 0 bus_irq 9 global_irq 9 high level)
[    0.000000] Using ACPI (MADT) for SMP configuration information
[    0.000000] smpboot: Allowing 2 CPUs, 0 hotplug CPUs
[    0.000000] PM: Registered nosave memory: [mem 0x00000000-0x00000fff]
[    0.000000] PM: Registered nosave memory: [mem 0x0009f000-0x0009ffff]
[    0.000000] PM: Registered nosave memory: [mem 0x000a0000-0x000effff]
[    0.000000] PM: Registered nosave memory: [mem 0x000f0000-0x000fffff]
[    0.000000] e820: [mem 0x20000000-0xfebfffff] available for PCI devices
[    0.000000] Booting paravirtualized kernel on KVM
[    0.000000] clocksource: refined-jiffies: mask: 0xffffffff max_cycles: 0xffffffff, max_idle_ns: 7645519600211568 ns
[    0.000000] setup_percpu: NR_CPUS:512 nr_cpumask_bits:512 nr_cpu_ids:2 nr_node_ids:1
[    0.000000] PERCPU: Embedded 33 pages/cpu @ffff88001fc00000 s98264 r8192 d28712 u1048576
[    0.000000] PV qspinlock hash table entries: 256 (order: 0, 4096 bytes)
[    0.000000] Built 1 zonelists in Node order, mobility grouping on.  Total pages: 128889
[    0.000000] Policy zone: DMA32
[    0.000000] Kernel command line: BOOT_IMAGE=/boot/vmlinuz-4.4.0-66-generic root=LABEL=cloudimg-rootfs ro console=tty1 console=ttyS0
[    0.000000] PID hash table entries: 2048 (order: 2, 16384 bytes)
[    0.000000] Memory: 485696K/523832K available (8452K kernel code, 1293K rwdata, 3980K rodata, 1488K init, 1316K bss, 38136K reserved, 0K cma-reserved)
[    0.000000] SLUB: HWalign=64, Order=0-3, MinObjects=0, CPUs=2, Nodes=1
[    0.000000] Hierarchical RCU implementation.
[    0.000000] 	Build-time adjustment of leaf fanout to 64.
[    0.000000] 	RCU restricting CPUs from NR_CPUS=512 to nr_cpu_ids=2.
[    0.000000] RCU: Adjusting geometry for rcu_fanout_leaf=64, nr_cpu_ids=2
[    0.000000] NR_IRQS:33024 nr_irqs:440 16
[    0.000000] Console: colour VGA+ 80x25
[    0.000000] console [tty1] enabled
[    0.000000] console [ttyS0] enabled
[    0.000000] tsc: Detected 3092.202 MHz processor
[    6.281207] Calibrating delay loop (skipped) preset value.. 6184.40 BogoMIPS (lpj=12368808)
[    6.356786] pid_max: default: 32768 minimum: 301
[    6.369255] ACPI: Core revision 20150930
[    6.400263] ACPI: 2 ACPI AML tables successfully acquired and loaded
[    6.402784] Security Framework initialized
[    6.461813] Yama: becoming mindful.
[    6.507487] AppArmor: AppArmor initialized
[    6.543707] Dentry cache hash table entries: 65536 (order: 7, 524288 bytes)
[    6.568745] Inode-cache hash table entries: 32768 (order: 6, 262144 bytes)
[    6.569949] Mount-cache hash table entries: 1024 (order: 1, 8192 bytes)
[    6.571046] Mountpoint-cache hash table entries: 1024 (order: 1, 8192 bytes)
[    6.572306] Initializing cgroup subsys io
[    6.635653] Initializing cgroup subsys memory
[    6.688309] Initializing cgroup subsys devices
[    6.693698] Initializing cgroup subsys freezer
[    6.744501] Initializing cgroup subsys net_cls
[    6.830290] Initializing cgroup subsys perf_event
[    6.893470] Initializing cgroup subsys net_prio
[    6.973784] Initializing cgroup subsys hugetlb
[    7.043657] Initializing cgroup subsys pids
[    7.058961] CPU: Physical Processor ID: 0
[    7.059747] CPU: Processor Core ID: 0
[    7.060781] mce: CPU supports 0 MCE banks
[    7.061604] Last level iTLB entries: 4KB 512, 2MB 8, 4MB 8
[    7.062540] Last level dTLB entries: 4KB 512, 2MB 32, 4MB 32, 1GB 0
[    7.065626] Freeing SMP alternatives memory: 32K (ffffffff820b9000 - ffffffff820c1000)
[    7.118086] ftrace: allocating 32123 entries in 126 pages
[    7.182966] smpboot: APIC(0) Converting physical 0 to logical package 0
[    7.295221] smpboot: Max logical packages: 1
[    7.329201] x2apic enabled
[    7.381645] Switched APIC routing to physical x2apic.
[    7.486512] ..TIMER: vector=0x30 apic1=0 pin1=2 apic2=-1 pin2=-1
[    7.724974] smpboot: CPU0: Intel(R) Core(TM) i5-3450 CPU @ 3.10GHz (family: 0x6, model: 0x3a, stepping: 0x9)
[    7.880203] Performance Events: unsupported p6 CPU model 58 no PMU driver, software events only.
[    7.891555] KVM setup paravirtual spinlock
[    7.895194] x86: Booting SMP configuration:
[    7.969665] .... node  #0, CPUs:      #1
[    7.975933] kvm-clock: cpu 1, msr 0:1ffe3041, secondary cpu clock
[    8.013001] mce: CPU supports 0 MCE banks
[    8.086545] x86: Booted up 1 node, 2 CPUs
[    8.104544] smpboot: Total of 2 processors activated (12368.80 BogoMIPS)
[    8.184445] devtmpfs: initialized
[    8.238673] evm: security.selinux
[    8.280410] evm: security.SMACK64
[    8.316953] evm: security.SMACK64EXEC
[    8.356854] evm: security.SMACK64TRANSMUTE
[    8.423373] evm: security.SMACK64MMAP
[    8.424091] evm: security.ima
[    8.437053] evm: security.capability
[    8.466043] clocksource: jiffies: mask: 0xffffffff max_cycles: 0xffffffff, max_idle_ns: 7645041785100000 ns
[    8.603427] pinctrl core: initialized pinctrl subsystem
[    8.604495] RTC time: 10:26:29, date: 03/19/17
[    8.605504] NET: Registered protocol family 16
[    8.638663] cpuidle: using governor ladder
[    8.705087] cpuidle: using governor menu
[    8.776525] PCCT header not found.
[    8.855641] ACPI: bus type PCI registered
[    8.905871] acpiphp: ACPI Hot Plug PCI Controller Driver version: 0.5
[    8.983773] PCI: Using configuration type 1 for base access
[    9.078741] ACPI: Added _OSI(Module Device)
[    9.108289] ACPI: Added _OSI(Processor Device)
[    9.130071] ACPI: Added _OSI(3.0 _SCP Extensions)
[    9.137355] ACPI: Added _OSI(Processor Aggregator Device)
[    9.139125] ACPI: Executed 1 blocks of module-level executable AML code
[    9.232123] ACPI: Interpreter enabled
[    9.264618] ACPI: (supports S0 S5)
[    9.271325] ACPI: Using IOAPIC for interrupt routing
[    9.332059] PCI: Using host bridge windows from ACPI; if necessary, use "pci=nocrs" and report a bug
[    9.383800] ACPI: PCI Root Bridge [PCI0] (domain 0000 [bus 00-ff])
[    9.393612] acpi PNP0A03:00: _OSC: OS supports [ASPM ClockPM Segments MSI]
[    9.482208] acpi PNP0A03:00: _OSC failed (AE_NOT_FOUND); disabling ASPM
[    9.579765] acpi PNP0A03:00: fail to add MMCONFIG information, can't access extended PCI configuration space under this bridge.
[    9.681590] PCI host bridge to bus 0000:00
[    9.721895] pci_bus 0000:00: root bus resource [io  0x0000-0x0cf7 window]
[    9.851678] pci_bus 0000:00: root bus resource [io  0x0d00-0xffff window]
[    9.969996] pci_bus 0000:00: root bus resource [mem 0x000a0000-0x000bffff window]
[   10.093639] pci_bus 0000:00: root bus resource [mem 0x20000000-0xffdfffff window]
[   10.251452] pci_bus 0000:00: root bus resource [bus 00-ff]
[   10.341238] pci 0000:00:01.1: legacy IDE quirk: reg 0x10: [io  0x01f0-0x01f7]
[   10.353810] pci 0000:00:01.1: legacy IDE quirk: reg 0x14: [io  0x03f6]
[   10.381776] pci 0000:00:01.1: legacy IDE quirk: reg 0x18: [io  0x0170-0x0177]
[   10.408543] pci 0000:00:01.1: legacy IDE quirk: reg 0x1c: [io  0x0376]
[   10.419910] pci 0000:00:07.0: quirk: [io  0x4000-0x403f] claimed by PIIX4 ACPI
[   10.440470] pci 0000:00:07.0: quirk: [io  0x4100-0x410f] claimed by PIIX4 SMB
[   10.496175] ACPI: PCI Interrupt Link [LNKA] (IRQs 5 9 10 *11)
[   10.534128] ACPI: PCI Interrupt Link [LNKB] (IRQs 5 9 10 *11)
[   10.584763] ACPI: PCI Interrupt Link [LNKC] (IRQs 5 9 *10 11)
[   10.668169] ACPI: PCI Interrupt Link [LNKD] (IRQs 5 *9 10 11)
[   10.685875] ACPI: Enabled 2 GPEs in block 00 to 07
[   10.709937] vgaarb: setting as boot device: PCI:0000:00:02.0
[   10.718531] vgaarb: device added: PCI:0000:00:02.0,decodes=io+mem,owns=io+mem,locks=none
[   10.839660] vgaarb: loaded
[   10.840265] vgaarb: bridge control possible 0000:00:02.0
[   10.841473] SCSI subsystem initialized
[   10.849000] ACPI: bus type USB registered
[   10.933450] usbcore: registered new interface driver usbfs
[   10.981729] usbcore: registered new interface driver hub
[   11.083723] usbcore: registered new device driver usb
[   11.130146] PCI: Using ACPI for IRQ routing
[   11.222016] NetLabel: Initializing
[   11.227930] NetLabel:  domain hash size = 128
[   11.228726] NetLabel:  protocols = UNLABELED CIPSOv4
[   11.243948] NetLabel:  unlabeled traffic allowed by default
[   11.334162] amd_nb: Cannot enumerate AMD northbridges
[   11.384750] clocksource: Switched to clocksource kvm-clock
[   11.411986] AppArmor: AppArmor Filesystem Enabled
[   11.433905] pnp: PnP ACPI init
[   11.435904] pnp: PnP ACPI: found 3 devices
[   11.448735] clocksource: acpi_pm: mask: 0xffffff max_cycles: 0xffffff, max_idle_ns: 2085701024 ns
[   11.483190] NET: Registered protocol family 2
[   11.494030] TCP established hash table entries: 4096 (order: 3, 32768 bytes)
[   11.498078] TCP bind hash table entries: 4096 (order: 4, 65536 bytes)
[   11.560744] TCP: Hash tables configured (established 4096 bind 4096)
[   11.614465] UDP hash table entries: 256 (order: 1, 8192 bytes)
[   11.772383] UDP-Lite hash table entries: 256 (order: 1, 8192 bytes)
[   11.810548] NET: Registered protocol family 1
[   11.846919] pci 0000:00:00.0: Limiting direct PCI/PCI transfers
[   11.866506] pci 0000:00:01.0: Activating ISA DMA hang workarounds
[   11.987333] Trying to unpack rootfs image as initramfs...
[   13.729822] Freeing initrd memory: 10800K (ffff88001ecce000 - ffff88001f75a000)
[   13.846884] RAPL PMU detected, API unit is 2^-32 Joules, 3 fixed counters 10737418240 ms ovfl timer
[   14.037690] hw unit of domain pp0-core 2^-0 Joules
[   14.131728] hw unit of domain package 2^-0 Joules
[   14.225357] hw unit of domain pp1-gpu 2^-0 Joules
[   14.226297] platform rtc_cmos: registered platform RTC device (no PNP device found)
[   14.227760] Scanning for low memory corruption every 60 seconds
[   14.257180] futex hash table entries: 512 (order: 3, 32768 bytes)
[   14.375763] audit: initializing netlink subsys (disabled)
[   14.507272] audit: type=2000 audit(1489919189.784:1): initialized
[   14.560504] Initialise system trusted keyring
[   14.613541] HugeTLB registered 2 MB page size, pre-allocated 0 pages
[   14.663345] zbud: loaded
[   14.672922] VFS: Disk quotas dquot_6.6.0
[   14.686293] VFS: Dquot-cache hash table entries: 512 (order 0, 4096 bytes)
[   14.750959] squashfs: version 4.0 (2009/01/31) Phillip Lougher
[   14.851570] fuse init (API version 7.23)
[   14.859761] Key type big_key registered
[   14.883413] Allocating IMA MOK and blacklist keyrings.
[   14.906005] Key type asymmetric registered
[   14.917748] Asymmetric key parser 'x509' registered
[   14.975460] Block layer SCSI generic (bsg) driver version 0.4 loaded (major 249)
[   15.109862] io scheduler noop registered
[   15.189885] io scheduler deadline registered (default)
[   15.260820] tsc: Refined TSC clocksource calibration: 3093.660 MHz
[   15.261873] clocksource: tsc: mask: 0xffffffffffffffff max_cycles: 0x2c97e2bf75e, max_idle_ns: 440795294276 ns
[   15.400353] io scheduler cfq registered
[   15.485372] pci_hotplug: PCI Hot Plug PCI Core version: 0.5
[   15.486316] pciehp: PCI Express Hot Plug Controller Driver version: 0.4
[   15.518616] ACPI: AC Adapter [AC] (on-line)
[   15.530544] input: Power Button as /devices/LNXSYSTM:00/LNXPWRBN:00/input/input0
[   15.539052] ACPI: Power Button [PWRF]
[   15.597424] input: Sleep Button as /devices/LNXSYSTM:00/LNXSLPBN:00/input/input1
[   15.721001] ACPI: Sleep Button [SLPF]
[   15.743045] GHES: HEST is not enabled!
[   15.757070] Serial: 8250/16550 driver, 32 ports, IRQ sharing enabled
[   15.838039] 00:02: ttyS0 at I/O 0x3f8 (irq = 4, base_baud = 115200) is a 16550A
[   16.003231] Linux agpgart interface v0.103
[   16.053789] brd: module loaded
[   16.098757] loop: module loaded
[   16.158991] scsi host0: ata_piix
[   16.222849] scsi host1: ata_piix
[   16.237397] ata1: PATA max UDMA/33 cmd 0x1f0 ctl 0x3f6 bmdma 0xd000 irq 14
[   16.351432] ata2: PATA max UDMA/33 cmd 0x170 ctl 0x376 bmdma 0xd008 irq 15
[   16.390336] libphy: Fixed MDIO Bus: probed
[   16.462627] tun: Universal TUN/TAP device driver, 1.6
[   16.577667] tun: (C) 1999-2004 Max Krasnyansky <maxk@qualcomm.com>
[   16.616283] PPP generic driver version 2.4.2
[   16.617295] ehci_hcd: USB 2.0 'Enhanced' Host Controller (EHCI) Driver
[   16.618402] ehci-pci: EHCI PCI platform driver
[   16.619225] ehci-platform: EHCI generic platform driver
[   16.620142] ohci_hcd: USB 1.1 'Open' Host Controller (OHCI) Driver
[   16.621194] ohci-pci: OHCI PCI platform driver
[   16.688361] ohci-platform: OHCI generic platform driver
[   16.775414] uhci_hcd: USB Universal Host Controller Interface driver
[   16.841745] i8042: PNP: PS/2 Controller [PNP0303:PS2K,PNP0f03:PS2M] at 0x60,0x64 irq 1,12
[   16.890019] serio: i8042 KBD port at 0x60,0x64 irq 1
[   16.972273] serio: i8042 AUX port at 0x60,0x64 irq 12
[   17.038851] mousedev: PS/2 mouse device common for all mice
[   17.082462] rtc_cmos rtc_cmos: rtc core: registered rtc_cmos as rtc0
[   17.173651] rtc_cmos rtc_cmos: alarms up to one day, 114 bytes nvram
[   17.233226] input: AT Translated Set 2 keyboard as /devices/platform/i8042/serio0/input/input2
[   17.273166] i2c /dev entries driver
[   17.308484] device-mapper: uevent: version 1.0.3
[   17.393962] device-mapper: ioctl: 4.34.0-ioctl (2015-10-28) initialised: dm-devel@redhat.com
[   17.481332] ledtrig-cpu: registered to indicate activity on CPUs
[   17.560059] NET: Registered protocol family 10
[   17.631550] NET: Registered protocol family 17
[   17.689973] Key type dns_resolver registered
[   17.691067] microcode: CPU0 sig=0x306a9, pf=0x2, revision=0x19
[   17.792922] microcode: CPU1 sig=0x306a9, pf=0x2, revision=0x19
[   17.849535] microcode: Microcode Update Driver: v2.01 <tigran@aivazian.fsnet.co.uk>, Peter Oruba
[   17.888852] registered taskstats version 1
[   17.891660] Loading compiled-in X.509 certificates
[   17.893199] Loaded X.509 cert 'Build time autogenerated kernel key: 32ca4feee90b5cde51f5f8c0e024b22f8c679982'
[   17.934742] zswap: loaded using pool lzo/zbud
[   17.955856] Key type trusted registered
[   18.009072] Key type encrypted registered
[   18.051978] AppArmor: AppArmor sha1 policy hashing enabled
[   18.099569] ima: No TPM chip found, activating TPM-bypass!
[   18.140685] evm: HMAC attrs: 0x1
[   18.182075]   Magic number: 9:841:426
[   18.277362] rtc_cmos rtc_cmos: setting system clock to 2017-03-19 10:26:39 UTC (1489919199)
[   18.343572] BIOS EDD facility v0.16 2004-Jun-25, 0 devices found
[   18.430050] EDD information not available.
[   18.447280] Freeing unused kernel memory: 1488K (ffffffff81f45000 - ffffffff820b9000)
[   18.591342] Write protecting the kernel read-only data: 14336k
[   18.699636] Freeing unused kernel memory: 1776K (ffff880001844000 - ffff880001a00000)
[   18.852185] Freeing unused kernel memory: 116K (ffff880001de3000 - ffff880001e00000)
Loading, please [   18.926907] random: systemd-udevd: uninitialized urandom read (16 bytes read, 3 bits of entropy available)
wait...
starting version 229
[   18.927610] random: udevadm: uninitialized urandom read (16 bytes read, 3 bits of entropy available)
[   18.927645] random: udevadm: uninitialized urandom read (16 bytes read, 3 bits of entropy available)
[   18.927760] random: udevadm: uninitialized urandom read (16 bytes read, 3 bits of entropy available)
[   18.927804] random: udevadm: uninitialized urandom read (16 bytes read, 3 bits of entropy available)
[   18.927856] random: udevadm: uninitialized urandom read (16 bytes read, 3 bits of entropy available)
[   18.927903] random: udevadm: uninitialized urandom read (16 bytes read, 3 bits of entropy available)
[   18.927947] random: udevadm: uninitialized urandom read (16 bytes read, 3 bits of entropy available)
[   18.928001] random: udevadm: uninitialized urandom read (16 bytes read, 3 bits of entropy available)
[   18.928046] random: udevadm: uninitialized urandom read (16 bytes read, 3 bits of entropy available)
[   20.120337] e1000: Intel(R) PRO/1000 Network Driver - version 7.3.21-k8-NAPI
[   20.194324] e1000: Copyright (c) 1999-2006 Intel Corporation.
[   20.231198] AVX version of gcm_enc/dec engaged.
[   20.240027] Fusion MPT base driver 3.04.20
[   20.240027] Copyright (c) 1999-2008 LSI Corporation
[   20.254804] AES CTR mode by8 optimization enabled
[   20.261916] Fusion MPT SPI Host driver 3.04.20
[   20.427161] input: ImExPS/2 Generic Explorer Mouse as /devices/platform/i8042/serio1/input/input4
[   20.641832] e1000 0000:00:03.0 eth0: (PCI:33MHz:32-bit) 02:0a:90:ed:0d:4f
[   20.767603] e1000 0000:00:03.0 eth0: Intel(R) PRO/1000 Network Connection
[   20.847852] mptbase: ioc0: Initiating bringup
[   20.972246] ioc0: LSI53C1030 A0: Capabilities={Initiator}
[   21.270425] scsi host2: ioc0: LSI53C1030 A0, FwRev=00000000h, Ports=1, MaxQ=256, IRQ=20
[   21.561232] scsi 2:0:0:0: Direct-Access     VBOX     HARDDISK         1.0  PQ: 0 ANSI: 5
[   21.597788] scsi target2:0:0: Beginning Domain Validation
[   21.629766] scsi target2:0:0: Domain Validation skipping write tests
[   21.809408] scsi target2:0:0: Ending Domain Validation
[   21.933021] scsi target2:0:0: asynchronous
[   22.028961] scsi 2:0:1:0: Direct-Access     VBOX     HARDDISK         1.0  PQ: 0 ANSI: 5
[   22.143782] scsi target2:0:1: Beginning Domain Validation
[   22.218944] scsi target2:0:1: Domain Validation skipping write tests
[   22.257743] scsi target2:0:1: Ending Domain Validation
[   22.327046] scsi target2:0:1: asynchronous
[   22.341817] e1000 0000:00:08.0 eth1: (PCI:33MHz:32-bit) 08:00:27:5f:31:1a
[   22.490928] e1000 0000:00:08.0 eth1: Intel(R) PRO/1000 Network Connection
[   22.620103] e1000 0000:00:03.0 enp0s3: renamed from eth0
[   22.738433] sd 2:0:0:0: [sda] 20971520 512-byte logical blocks: (10.7 GB/10.0 GiB)
[   22.738548] sd 2:0:0:0: Attached scsi generic sg0 type 0
[   22.889647] sd 2:0:1:0: Attached scsi generic sg1 type 0
[   23.083337] sd 2:0:1:0: [sdb] 20480 512-byte logical blocks: (10.5 MB/10.0 MiB)
[   23.083529] sd 2:0:0:0: [sda] Write Protect is off
[   23.083664] sd 2:0:0:0: [sda] Incomplete mode parameter data
[   23.083665] sd 2:0:0:0: [sda] Assuming drive cache: write through
[   23.220245]  sda: sda1
[   23.220818] sd 2:0:0:0: [sda] Attached SCSI disk
[   23.234315] e1000 0000:00:08.0 enp0s8: renamed from eth1
[   23.265058] floppy0: no floppy controllers found
[   23.265104] work still pending
[   23.402579] sd 2:0:1:0: [sdb] Write Protect is off
[   23.468032] sd 2:0:1:0: [sdb] Incomplete mode parameter data
[   23.565332] sd 2:0:1:0: [sdb] Assuming drive cache: write through
[   23.628070] sd 2:0:1:0: [sdb] Attached SCSI disk
Begin: Loading e[   25.077529] md: linear personality registered for level -1
ssential drivers[   25.113843] md: multipath personality registered for level -4
 ... [   25.216206] md: raid0 personality registered for level 0
[   25.293127] md: raid1 personality registered for level 1
[   25.460967] raid6: sse2x1   gen()  8288 MB/s
[   25.593268] raid6: sse2x1   xor()  6823 MB/s
[   25.753508] raid6: sse2x2   gen() 11021 MB/s
[   25.897567] raid6: sse2x2   xor()  7609 MB/s
[   26.061140] raid6: sse2x4   gen() 12734 MB/s
[   26.216825] raid6: sse2x4   xor()  9463 MB/s
[   26.298734] raid6: using algorithm sse2x4 gen() 12734 MB/s
[   26.331061] raid6: .... xor() 9463 MB/s, rmw enabled
[   26.397794] raid6: using ssse3x2 recovery algorithm
[   26.487622] xor: automatically using best checksumming function:
[   26.572893]    avx       : 18149.000 MB/sec
[   26.681356] async_tx: api initialized (async)
[   26.788630] md: raid6 personality registered for level 6
[   26.838903] md: raid5 personality registered for level 5
[   26.847741] md: raid4 personality registered for level 4
[   26.921016] md: raid10 personality registered for level 10
done.
Begin: Running /scripts/init-premount ... done.
Begin: Mounti[   27.000822] Btrfs loaded
ng root file system ... Begin: Running /scripts/local-top ... done.
Begin: Running /scripts/local-premount ... Scanning for Btrfs filesystems
done.
Warning: fsck not present, so skipping root file system
[   27.126784] EXT4-fs (sda1): mounted filesystem with ordered data mode. Opts: (null)
done.
Begin: Running /scripts/local-bottom ... done.
Begin: Running /scripts/init-bottom ... done.
[   27.993313] random: nonblocking pool is initialized
[   28.534854] systemd[1]: systemd 229 running in system mode. (+PAM +AUDIT +SELINUX +IMA +APPARMOR +SMACK +SYSVINIT +UTMP +LIBCRYPTSETUP +GCRYPT +GNUTLS +ACL +XZ -LZ4 +SECCOMP +BLKID +ELFUTILS +KMOD -IDN)
[   28.813631] systemd[1]: Detected virtualization oracle.
[   28.876680] systemd[1]: Detected architecture x86-64.

Welcome to [1mUbuntu 16.04.2 LTS[0m!

[   28.994131] systemd[1]: Set hostname to <dev>.
[   30.049680] systemd[1]: Started Forward Password Requests to Wall Directory Watch.
[[0;32m  OK  [0m] Started Forward Password Requests to Wall Directory Watch.
[   30.333660] systemd[1]: Reached target User and Group Name Lookups.
[[0;32m  OK  [0m] Reached target User and Group Name Lookups.
[   30.537060] systemd[1]: Listening on udev Kernel Socket.
[[0;32m  OK  [0m] Listening on udev Kernel Socket.
[   30.705581] systemd[1]: Listening on Journal Socket.
[[0;32m  OK  [0m] Listening on Journal Socket.
[   30.853824] systemd[1]: Reached target Swap.
[[0;32m  OK  [0m] Reached target Swap.
[   30.973544] systemd[1]: Created slice System Slice.
[[0;32m  OK  [0m] Created slice System Slice.
[   31.177235] systemd[1]: Mounting POSIX Message Queue File System...
         Mounting POSIX Message Queue File System...
[   31.365283] systemd[1]: Starting Nameserver information manager...
         Starting Nameserver information manager...
[   31.544865] systemd[1]: Mounting Huge Pages File System...
         Mounting Huge Pages File System...
[   31.701307] systemd[1]: Starting Uncomplicated firewall...
         Starting Uncomplicated firewall...
[   31.853668] systemd[1]: Listening on udev Control Socket.
[[0;32m  OK  [0m] Listening on udev Control Socket.
[   31.977216] systemd[1]: Starting Remount Root and Kernel File Systems...
[   31.992239] EXT4-fs (sda1): re-mounted. Opts: (null)
         Starting Remount Root and Kernel File Systems...
[   32.109131] systemd[1]: Listening on Syslog Socket.
[[0;32m  OK  [0m] Listening on Syslog Socket.
[   32.230279] systemd[1]: Listening on Journal Socket (/dev/log).
[[0;32m  OK  [0m] Listening on Journal Socket (/dev/log).
[   32.409435] systemd[1]: Starting Set console keymap...
         Starting Set console keymap...
[   32.517290] systemd[1]: Listening on /dev/initctl Compatibility Named Pipe.
[[0;32m  OK  [0m] Listening on /dev/initctl Compatibility Named Pipe.
[   32.773295] systemd[1]: Starting Create list of required static device nodes for the current kernel...
         Starting Create list of required st... nodes for the current kernel...
[   32.880484] systemd[1]: Listening on Device-mapper event daemon FIFOs.
[[0;32m  OK  [0m] Listening on Device-mapper event daemon FIFOs.
[   33.013635] systemd[1]: Listening on LVM2 poll daemon socket.
[[0;32m  OK  [0m] Listening on LVM2 poll daemon socket.
[   33.189799] systemd[1]: Set up automount Arbitrary Executable File Formats File System Automount Point.
[[0;32m  OK  [0m] Set up automount Arbitrary Executab...ats File System Automount Point.
[   33.394928] systemd[1]: Listening on Journal Audit Socket.
[[0;32m  OK  [0m] Listening on Journal Audit Socket.
[   33.605381] systemd[1]: Starting Journal Service...
         Starting Journal Service...
[   33.744970] systemd[1]: Reached target Encrypted Volumes.
[[0;32m  OK  [0m] Reached target Encrypted Volumes.
[   33.896619] systemd[1]: Created slice User and Session Slice.
[[0;32m  OK  [0m] Created slice User and Session Slice.
[   34.057217] systemd[1]: Reached target Slices.
[[0;32m  OK  [0m] Reached target Slices.
[   34.249516] systemd[1]: Starting Load Kernel Modules...
[   34.365767] Loading iSCSI transport class v2.0-870.
         Startin[   34.516981] iscsi: registered transport (tcp)
g Load Kernel Modules...
[   34.680977] systemd[1]: Listening on LVM2 metadata daemon socket.
[[0;32m  OK  [0m] Listening on[   34.795610] iscsi: registered transport (iser)
 LVM2 metadata daemon socket.
[   34.969423] systemd[1]: Starting Monitoring of LVM2 mirrors, snapshots etc. using dmeventd or progress polling...
         Starting Monitoring of LVM2 mirrors... dmeventd or progress polling...
[   35.105988] systemd[1]: Created slice system-serial\x2dgetty.slice.
[[0;32m  OK  [0m] Created slice system-serial\x2dgetty.slice.
[   35.161059] systemd[1]: Mounting Debug File System...
         Mounting Debug File System...
[   35.330028] systemd[1]: Mounted POSIX Message Queue File System.
[[0;32m  OK  [0m] Mounted POSIX Message Queue File System.
[   35.450136] systemd[1]: Mounted Debug File System.
[[0;32m  OK  [0m] Mounted Debug File System.
[   35.577163] systemd[1]: Mounted Huge Pages File System.
[[0;32m  OK  [0m] Mounted Huge Pages File System.
[   35.721316] systemd[1]: Started Journal Service.
[[0;32m  OK  [0m] Started Journal Service.
[[0;32m  OK  [0m] Started Uncomplicated firewall.
[[0;32m  OK  [0m] Started Remount Root and Kernel File Systems.
[[0;32m  OK  [0m] Started Set console keymap.
[[0;32m  OK  [0m] Started Create list of required sta...ce nodes for the current kernel.
[[0;32m  OK  [0m] Started Load Kernel Modules.
[[0;32m  OK  [0m] Started Nameserver information manager.
[[0;32m  OK  [0m] Started LVM2 metadata daemon.
         Starting Apply Kernel Variables...
         Mounting FUSE Control File System...
         Starting Create Static Device Nodes in /dev...
         Starting udev Coldplug all Devices...
         Starting Load/Save Random Seed...
         Starting Initial cloud-init job (pre-networking)...
         Starting Flush Journal to Persistent Storage...
[[0;32m  OK  [0m] Mounted FUSE Control File System.
[[0;32m  OK  [0m] Started Apply Kernel Variables.
[[0;32m  OK  [0m] Started Monitoring of LVM2 mirrors,...ng dmeventd or progress polling.
[[0;32m  OK  [0m] Started Create Static Device Nodes in /dev.
[[0;32m  OK  [0m] Started Load/Save Random Seed.
[[0;32m  OK  [0m] Started udev Coldplug all Devices.
         Starting udev Kernel Device Manager...
[[0;32m  OK  [0m] Started Flush Journal to Persistent Storage.
[[0;32m  OK  [0m] Started udev Kernel Device Manager.
[[0;32m  OK  [0m] Started Dispatch Password Requests to Console Directory Watch.
[[0;32m  OK  [0m] Reached target Local File Systems (Pre).
[[0;32m  OK  [0m] Reached target Local File Systems.
         Starting Tell Plymouth To Write Out Runtime Data...
         Starting Set console font and keymap...
         Starting Create Volatile Files and Directories...
         Starting Enable support for additional executable binary formats...
         Starting LSB: AppArmor initialization...
[[0;32m  OK  [0m] Started Tell Plymouth To Write Out Runtime Data.
[[0;32m  OK  [0m] Found device /dev/ttyS0.
         Mounting Arbitrary Executable File Formats File System...
[[0;32m  OK  [0m] Mounted Arbitrary Executable File Formats File System.
[[0;32m  OK  [0m] Started Create Volatile Files and Directories.
[[0;32m  OK  [0m] Reached target System Time Synchronized.
         Starting Update UTMP about System Boot/Shutdown...
[[0;32m  OK  [0m] Started Enable support for additional executable binary formats.
[[0;32m  OK  [0m] Started Set console font and keymap.
[[0;32m  OK  [0m] Started Update UTMP about System Boot/Shutdown.
[[0;32m  OK  [0m] Created slice system-getty.slice.
[[0;32m  OK  [0m] Found device 82540EM Gigabit Ethern...r (PRO/1000 MT Desktop Adapter).
[[0;32m  OK  [0m] Found device 82540EM Gigabit Ethern...r (PRO/1000 MT Desktop Adapter).
[[0;32m  OK  [0m] Listening on Load/Save RF Kill Switch Status /dev/rfkill Watch.
[[0;32m  OK  [0m] Started LSB: AppArmor initialization.
[   33.752642] cloud-init[471]: Cloud-init v. 0.7.9 running 'init-local' at Sun, 19 Mar 2017 10:27:04 +0000. Up 32.98 seconds.
[[0;32m  OK  [0m] Started Initial cloud-init job (pre-networking).
[[0;32m  OK  [0m] Reached target Network (Pre).
         Starting Raise network interfaces...
[[0;32m  OK  [0m] Started ifup for enp0s3.
[[0;32m  OK  [0m] Started ifup for enp0s8.
[[0;32m  OK  [0m] Started Raise network interfaces.
[[0;32m  OK  [0m] Reached target Network.
         Starting Initial cloud-init job (metadata service crawler)...
[   35.697176] cloud-init[1165]: Cloud-init v. 0.7.9 running 'init' at Sun, 19 Mar 2017 10:27:06 +0000. Up 34.88 seconds.
[[0;32m  OK  [0m] Started Initial cloud-init job (metadata service crawler).
[[0;32m  OK  [0m] Reached target Cloud-config availability.
[[0;32m  OK  [0m] Reached target System Initialization.
[   35.834196] cloud-init[1165]: ci-info: ++++++++++++++++++++++++++++++++++++++Net device info++++++++++++++++++++++++++++++++++++++
[   36.120978] cloud-init[1165]: ci-info: +--------+------+-----------------------------+---------------+-------+-------------------+
[[0;32m  OK  [0m] Started Trigger resolvconf update for networkd DNS.
[[0;32m  OK  [0m] Listening on UUID daemon activation socket.
[   36.247216] cloud-init[1165]: ci-info: | Device |  Up  |           Address           |      Mask     | Scope |     Hw-Address    |
[   36.472687] cloud-init[1165]: ci-info: +--------+------+-----------------------------+---------------+-------+-------------------+
[   36.556988] cloud-init[1165]: ci-info: | enp0s8 | True |        192.168.33.10        | 255.255.255.0 |   .   | 08:00:27:5f:31:1a |
[   36.672560] cloud-init[1165]: ci-info: | enp0s8 | True | fe80::a00:27ff:fe5f:311a/64 |       .       |  link | 08:00:27:5f:31:1a |
[   36.804590] cloud-init[1165]: ci-info: |   lo   | True |          127.0.0.1          |   255.0.0.0   |   .   |         .         |
[   36.832547] cloud-init[1165]: ci-info: |   lo   | True |           ::1/128           |       .       |  host |         .         |
[   36.912699] cloud-init[1165]: ci-info: | enp0s3 | True |          10.0.2.15          | 255.255.255.0 |   .   | 02:0a:90:ed:0d:4f |
[   37.056430] cloud-init[1165]: ci-info: | enp0s3 | True |   fe80::a:90ff:feed:d4f/64  |       .       |  link | 02:0a:90:ed:0d:4f |
[   37.140457] cloud-init[1165]: ci-info: +--------+------+-----------------------------+---------------+-------+-------------------+
[[0;32m  OK  [0m] Started Timer to automatically refresh installed snaps.
[[0;32m  OK  [0m] Started Daily Cleanup of Temporary Directories.
[[0;32m  OK  [0m] Started Daily apt activities.
[[0;32m  OK  [0m] Reached target Timers.
[[0;32m  OK  [0m] Listening on ACPID Listen Socket.
         Starting Socket activation for snappy daemon.
[[0;32m  OK  [0m] Listening on D-Bus System Message Bus Socket.
[   37.184571] cloud-init[1165]: ci-info: ++++++++++++++++++++++++++++Route IPv4 info++++++++++++++++++++++++++++
[   37.382346] cloud-init[1165]: ci-info: +-------+--------------+----------+---------------+-----------+-------+
[[0;32m  OK  [0m] Started ACPI Events Check.
[[0;32m  OK  [0m] Reached target Paths.
[   37.471792] cloud-init[1165]: ci-info: | Route | Destination  | Gateway  |    Genmask    | Interface | Flags |
[   37.644409] cloud-init[1165]: ci-info: +-------+--------------+----------+---------------+-----------+-------+
[   37.683729] cloud-init[1165]: ci-info: |   0   |   0.0.0.0    | 10.0.2.2 |    0.0.0.0    |   enp0s3  |   UG  |
[   37.752655] cloud-init[1165]: ci-info: |   1   |   10.0.2.0   | 0.0.0.0  | 255.255.255.0 |   enp0s3  |   U   |
         Starting LXD - unix socket.
[[0;32m  OK  [0m] Reached target Network is Online.
[   37.783869] cloud-init[1165]: ci-info: |   2   | 192.168.33.0 | 0.0.0.0  | 255.255.255.0 |   enp0s8  |   U   |
[   37.904587] cloud-init[1165]: ci-info: +-------+--------------+----------+---------------+-----------+-------+
         Starting iSCSI initiator daemon (iscsid)...
[[0;32m  OK  [0m] Listening on Socket activation for snappy daemon.
[[0;32m  OK  [0m] Listening on LXD - unix socket.
[[0;32m  OK  [0m] Reached target Sockets.
[[0;32m  OK  [0m] Reached target Basic System.
         Starting LXD - container startup/shutdown...
         Starting /etc/rc.local Compatibility...
[[0;32m  OK  [0m] Started D-Bus System Message Bus.
         Starting LSB: MD monitoring daemon...
         Starting Accounts Service...
[[0;32m  OK  [0m] Started Regular background program processing daemon.
         Starting vboxadd-x11.service...
         Starting vboxadd.service...
         Starting LSB: Record successful boot for GRUB...
[[0;32m  OK  [0m] Started ACPI event daemon.
[[0;32m  OK  [0m] Started Deferred execution scheduler.
         Starting Apply the settings specified in cloud-config...
[[0;32m  OK  [0m] Started FUSE filesystem for LXC.
         Starting System Logging Service...
         Starting Login Service...
         Starting OpenBSD Secure Shell server...
[[0;32m  OK  [0m] Started Snappy daemon.
         Starting Auto import assertions from block devices...
[[0;32m  OK  [0m] Started iSCSI initiator daemon (iscsid).
[[0;32m  OK  [0m] Started /etc/rc.local Compatibility.
[[0;32m  OK  [0m] Started vboxadd-x11.service.
[[0;32m  OK  [0m] Started Auto import assertions from block devices.
[[0;32m  OK  [0m] Started Login Service.
         Starting Login to default iSCSI targets...
[   40.894708] cloud-init[1264]: Cloud-init v. 0.7.9 running 'modules:config' at Sun, 19 Mar 2017 10:27:11 +0000. Up 39.69 seconds.
[[0;32m  OK  [0m] Started Apply the settings specified in cloud-config.
[[0;32m  OK  [0m] Started LSB: Record successful boot for GRUB.
[[0;32m  OK  [0m] Started LSB: MD monitoring daemon.
[[0;32m  OK  [0m] Started System Logging Service.
[[0;32m  OK  [0m] Started Login to default iSCSI targets.
[[0;32m  OK  [0m] Reached target Remote File Systems (Pre).
[[0;32m  OK  [0m] Reached target Remote File Systems.
         Starting LSB: automatic crash report generation...
         Starting LSB: daemon to balance interrupts for SMP systems...
         Starting LSB: Set the CPU Frequency Scaling governor to "ondemand"...
         Starting Permit User Sessions...
[[0;32m  OK  [0m] Started LSB: Set the CPU Frequency Scaling governor to "ondemand".
[[0;32m  OK  [0m] Started Permit User Sessions.
         Starting Terminate Plymouth Boot Screen...
         Starting Hold until boot process finishes up...
         Starting Authenticate and Authorize Users to Run Privileged Tasks...
[[0;32m  OK  [0m] Started Terminate Plymouth Boot Screen.
[[0;32m  OK  [0m] Started Hold until boot process finishes up.
[[0;32m  OK  [0m] Started LSB: automatic crash report generation.
[[0;32m  OK  [0m] Started LSB: daemon to balance interrupts for SMP systems.
         Starting Set console scheme...
[[0;32m  OK  [0m] Started Getty on tty1.
[[0;32m  OK  [0m] Started Serial Getty on ttyS0.
[[0;32m  OK  [0m] Reached target Login Prompts.
[[0;32m  OK  [0m] Started Set console scheme.
[[0;32m  OK  [0m] Started OpenBSD Secure Shell server.
[[0;32m  OK  [0m] Started Authenticate and Authorize Users to Run Privileged Tasks.
[[0;32m  OK  [0m] Started Accounts Service.
[[0;32m  OK  [0m] Started vboxadd.service.
         Starting vboxadd-service.service...
[[0;32m  OK  [0m] Started LXD - container startup/shutdown.
[[0;32m  OK  [0m] Started vboxadd-service.service.
[[0;32m  OK  [0m] Reached target Multi-User System.
         Starting Execute cloud user/final scripts...
[[0;32m  OK  [0m] Reached target Graphical Interface.
         Starting Update UTMP about System Runlevel Changes...
[[0;32m  OK  [0m] Started Update UTMP about System Runlevel Changes.
[   43.742570] cloud-init[1458]: Cloud-init v. 0.7.9 running 'modules:final' at Sun, 19 Mar 2017 10:27:15 +0000. Up 43.60 seconds.
[   43.820384] cloud-init[1458]: Cloud-init v. 0.7.9 finished at Sun, 19 Mar 2017 10:27:15 +0000. Datasource DataSourceNoCloud [seed=/dev/sdb][dsmode=net].  Up 43.73 seconds
[[0;32m  OK  [0m] Started Execute cloud user/final scripts.
[[0;32m  OK  [0m] Reached target Cloud-init target.

Ubuntu 16.04.2 LTS dev ttyS0

dev login: 